2024-10-14 20:42:07,453 INFO: Processing route accessed [in /Users/didntforeseethat/Revised_PAR/app.py:164]
2024-10-14 20:42:07,470 INFO: Task state: PENDING [in /Users/didntforeseethat/Revised_PAR/app.py:171]
2024-10-14 20:42:07,471 INFO: Task 27f4143e-55a0-441a-a86d-43804e955499 is still pending [in /Users/didntforeseethat/Revised_PAR/app.py:173]
2024-10-14 20:42:12,464 INFO: Processing route accessed [in /Users/didntforeseethat/Revised_PAR/app.py:164]
2024-10-14 20:42:12,483 INFO: Task state: PENDING [in /Users/didntforeseethat/Revised_PAR/app.py:171]
2024-10-14 20:42:12,483 INFO: Task 27f4143e-55a0-441a-a86d-43804e955499 is still pending [in /Users/didntforeseethat/Revised_PAR/app.py:173]
2024-10-14 20:42:17,451 INFO: Processing route accessed [in /Users/didntforeseethat/Revised_PAR/app.py:164]
2024-10-14 20:42:17,458 INFO: Task state: PENDING [in /Users/didntforeseethat/Revised_PAR/app.py:171]
2024-10-14 20:42:17,458 INFO: Task 27f4143e-55a0-441a-a86d-43804e955499 is still pending [in /Users/didntforeseethat/Revised_PAR/app.py:173]
2024-10-14 20:42:22,455 INFO: Processing route accessed [in /Users/didntforeseethat/Revised_PAR/app.py:164]
2024-10-14 20:42:22,461 INFO: Task state: PENDING [in /Users/didntforeseethat/Revised_PAR/app.py:171]
2024-10-14 20:42:22,462 INFO: Task 27f4143e-55a0-441a-a86d-43804e955499 is still pending [in /Users/didntforeseethat/Revised_PAR/app.py:173]
2024-10-14 20:42:27,466 INFO: Processing route accessed [in /Users/didntforeseethat/Revised_PAR/app.py:164]
2024-10-14 20:42:27,487 INFO: Task state: PENDING [in /Users/didntforeseethat/Revised_PAR/app.py:171]
2024-10-14 20:42:27,488 INFO: Task 27f4143e-55a0-441a-a86d-43804e955499 is still pending [in /Users/didntforeseethat/Revised_PAR/app.py:173]
2024-10-14 20:42:32,453 INFO: Processing route accessed [in /Users/didntforeseethat/Revised_PAR/app.py:164]
2024-10-14 20:42:32,457 INFO: Task state: PENDING [in /Users/didntforeseethat/Revised_PAR/app.py:171]
2024-10-14 20:42:32,457 INFO: Task 27f4143e-55a0-441a-a86d-43804e955499 is still pending [in /Users/didntforeseethat/Revised_PAR/app.py:173]
2024-10-14 20:42:37,453 INFO: Processing route accessed [in /Users/didntforeseethat/Revised_PAR/app.py:164]
2024-10-14 20:42:37,459 INFO: Task state: PENDING [in /Users/didntforeseethat/Revised_PAR/app.py:171]
2024-10-14 20:42:37,459 INFO: Task 27f4143e-55a0-441a-a86d-43804e955499 is still pending [in /Users/didntforeseethat/Revised_PAR/app.py:173]
2024-10-14 20:42:42,462 INFO: Processing route accessed [in /Users/didntforeseethat/Revised_PAR/app.py:164]
2024-10-14 20:42:42,482 INFO: Task state: PENDING [in /Users/didntforeseethat/Revised_PAR/app.py:171]
2024-10-14 20:42:42,482 INFO: Task 27f4143e-55a0-441a-a86d-43804e955499 is still pending [in /Users/didntforeseethat/Revised_PAR/app.py:173]
2024-10-14 20:42:47,461 INFO: Processing route accessed [in /Users/didntforeseethat/Revised_PAR/app.py:164]
2024-10-14 20:42:47,474 INFO: Task state: PENDING [in /Users/didntforeseethat/Revised_PAR/app.py:171]
2024-10-14 20:42:47,474 INFO: Task 27f4143e-55a0-441a-a86d-43804e955499 is still pending [in /Users/didntforeseethat/Revised_PAR/app.py:173]
2024-10-14 20:42:52,465 INFO: Processing route accessed [in /Users/didntforeseethat/Revised_PAR/app.py:164]
2024-10-14 20:42:52,473 INFO: Task state: PENDING [in /Users/didntforeseethat/Revised_PAR/app.py:171]
2024-10-14 20:42:52,473 INFO: Task 27f4143e-55a0-441a-a86d-43804e955499 is still pending [in /Users/didntforeseethat/Revised_PAR/app.py:173]
2024-10-14 20:42:57,458 INFO: Processing route accessed [in /Users/didntforeseethat/Revised_PAR/app.py:164]
2024-10-14 20:42:57,465 INFO: Task state: PENDING [in /Users/didntforeseethat/Revised_PAR/app.py:171]
2024-10-14 20:42:57,465 INFO: Task 27f4143e-55a0-441a-a86d-43804e955499 is still pending [in /Users/didntforeseethat/Revised_PAR/app.py:173]
2024-10-14 20:43:02,471 INFO: Processing route accessed [in /Users/didntforeseethat/Revised_PAR/app.py:164]
2024-10-14 20:43:02,495 INFO: Task state: PENDING [in /Users/didntforeseethat/Revised_PAR/app.py:171]
2024-10-14 20:43:02,496 INFO: Task 27f4143e-55a0-441a-a86d-43804e955499 is still pending [in /Users/didntforeseethat/Revised_PAR/app.py:173]
2024-10-14 20:43:07,460 INFO: Processing route accessed [in /Users/didntforeseethat/Revised_PAR/app.py:164]
2024-10-14 20:43:07,466 INFO: Task state: PENDING [in /Users/didntforeseethat/Revised_PAR/app.py:171]
2024-10-14 20:43:07,466 INFO: Task 27f4143e-55a0-441a-a86d-43804e955499 is still pending [in /Users/didntforeseethat/Revised_PAR/app.py:173]
2024-10-14 20:43:12,474 INFO: Processing route accessed [in /Users/didntforeseethat/Revised_PAR/app.py:164]
2024-10-14 20:43:12,502 INFO: Task state: PENDING [in /Users/didntforeseethat/Revised_PAR/app.py:171]
2024-10-14 20:43:12,502 INFO: Task 27f4143e-55a0-441a-a86d-43804e955499 is still pending [in /Users/didntforeseethat/Revised_PAR/app.py:173]
2024-10-14 20:43:17,472 INFO: Processing route accessed [in /Users/didntforeseethat/Revised_PAR/app.py:164]
2024-10-14 20:43:17,487 INFO: Task state: PENDING [in /Users/didntforeseethat/Revised_PAR/app.py:171]
2024-10-14 20:43:17,488 INFO: Task 27f4143e-55a0-441a-a86d-43804e955499 is still pending [in /Users/didntforeseethat/Revised_PAR/app.py:173]
2024-10-14 20:43:22,476 INFO: Processing route accessed [in /Users/didntforeseethat/Revised_PAR/app.py:164]
2024-10-14 20:43:22,504 INFO: Task state: PENDING [in /Users/didntforeseethat/Revised_PAR/app.py:171]
2024-10-14 20:43:22,504 INFO: Task 27f4143e-55a0-441a-a86d-43804e955499 is still pending [in /Users/didntforeseethat/Revised_PAR/app.py:173]
2024-10-14 20:43:27,462 INFO: Processing route accessed [in /Users/didntforeseethat/Revised_PAR/app.py:164]
2024-10-14 20:43:27,467 INFO: Task state: PENDING [in /Users/didntforeseethat/Revised_PAR/app.py:171]
2024-10-14 20:43:27,467 INFO: Task 27f4143e-55a0-441a-a86d-43804e955499 is still pending [in /Users/didntforeseethat/Revised_PAR/app.py:173]
2024-10-14 20:43:32,472 INFO: Processing route accessed [in /Users/didntforeseethat/Revised_PAR/app.py:164]
2024-10-14 20:43:32,485 INFO: Task state: PENDING [in /Users/didntforeseethat/Revised_PAR/app.py:171]
2024-10-14 20:43:32,486 INFO: Task 27f4143e-55a0-441a-a86d-43804e955499 is still pending [in /Users/didntforeseethat/Revised_PAR/app.py:173]
2024-10-14 20:43:37,469 INFO: Processing route accessed [in /Users/didntforeseethat/Revised_PAR/app.py:164]
2024-10-14 20:43:37,475 INFO: Task state: PENDING [in /Users/didntforeseethat/Revised_PAR/app.py:171]
2024-10-14 20:43:37,476 INFO: Task 27f4143e-55a0-441a-a86d-43804e955499 is still pending [in /Users/didntforeseethat/Revised_PAR/app.py:173]
2024-10-14 20:43:42,477 INFO: Processing route accessed [in /Users/didntforeseethat/Revised_PAR/app.py:164]
2024-10-14 20:43:42,493 INFO: Task state: PENDING [in /Users/didntforeseethat/Revised_PAR/app.py:171]
2024-10-14 20:43:42,493 INFO: Task 27f4143e-55a0-441a-a86d-43804e955499 is still pending [in /Users/didntforeseethat/Revised_PAR/app.py:173]
2024-10-14 20:43:47,473 INFO: Processing route accessed [in /Users/didntforeseethat/Revised_PAR/app.py:164]
2024-10-14 20:43:47,487 INFO: Task state: PENDING [in /Users/didntforeseethat/Revised_PAR/app.py:171]
2024-10-14 20:43:47,487 INFO: Task 27f4143e-55a0-441a-a86d-43804e955499 is still pending [in /Users/didntforeseethat/Revised_PAR/app.py:173]
2024-10-14 20:43:52,475 INFO: Processing route accessed [in /Users/didntforeseethat/Revised_PAR/app.py:164]
2024-10-14 20:43:52,489 INFO: Task state: PENDING [in /Users/didntforeseethat/Revised_PAR/app.py:171]
2024-10-14 20:43:52,489 INFO: Task 27f4143e-55a0-441a-a86d-43804e955499 is still pending [in /Users/didntforeseethat/Revised_PAR/app.py:173]
2024-10-14 20:43:57,477 INFO: Processing route accessed [in /Users/didntforeseethat/Revised_PAR/app.py:164]
2024-10-14 20:43:57,491 INFO: Task state: PENDING [in /Users/didntforeseethat/Revised_PAR/app.py:171]
2024-10-14 20:43:57,491 INFO: Task 27f4143e-55a0-441a-a86d-43804e955499 is still pending [in /Users/didntforeseethat/Revised_PAR/app.py:173]
2024-10-14 20:44:02,474 INFO: Processing route accessed [in /Users/didntforeseethat/Revised_PAR/app.py:164]
2024-10-14 20:44:02,492 INFO: Task state: SUCCESS [in /Users/didntforeseethat/Revised_PAR/app.py:171]
2024-10-14 20:44:02,492 INFO: Task 27f4143e-55a0-441a-a86d-43804e955499 completed successfully [in /Users/didntforeseethat/Revised_PAR/app.py:179]
2024-10-14 20:44:02,492 INFO: Redirecting to results [in /Users/didntforeseethat/Revised_PAR/app.py:183]
2024-10-14 20:44:02,506 INFO: Results route accessed [in /Users/didntforeseethat/Revised_PAR/app.py:198]
2024-10-14 20:44:02,697 INFO: Report found in S3, rendering results page [in /Users/didntforeseethat/Revised_PAR/app.py:206]
2024-10-14 20:44:02,750 INFO: Results route accessed [in /Users/didntforeseethat/Revised_PAR/app.py:198]
2024-10-14 20:44:02,805 INFO: Report found in S3, rendering results page [in /Users/didntforeseethat/Revised_PAR/app.py:206]
